#
# A fatal error has been detected by the Java Runtime Environment:
#
#  EXCEPTION_ACCESS_VIOLATION (0xc0000005) at pc=0x000000006ee76520, pid=9288, tid=0x00000000000026a8
#
# JRE version: Java(TM) SE Runtime Environment (8.0_161-b12) (build 1.8.0_161-b12)
# Java VM: Java HotSpot(TM) 64-Bit Server VM (25.161-b12 mixed mode windows-amd64 compressed oops)
# Problematic frame:
# C  [xuggle6844515740846508261.dll+0x736520]
#
# Failed to write core dump. Minidumps are not enabled by default on client versions of Windows
#
# If you would like to submit a bug report, please visit:
#   http://bugreport.java.com/bugreport/crash.jsp
# The crash happened outside the Java Virtual Machine in native code.
# See problematic frame for where to report the bug.
#

---------------  T H R E A D  ---------------

Current thread (0x00000000024aa000):  JavaThread "main" [_thread_in_native, id=9896, stack(0x00000000027a0000,0x00000000028a0000)]

siginfo: ExceptionCode=0xc0000005, reading address 0xffffffffffffffff

Registers:
RAX=0x000000005d0f28f0, RBX=0x000000005d3c5540, RCX=0x000000005d0f28f0, RDX=0x0000000000000009
RSP=0x000000000289cfb0, RBP=0x000000005d0f2030, RSI=0x000000005d0f38f0, RDI=0x0000000000000004
R8 =0x000000006ee77580, R9 =0x000000006ee76490, R10=0x000000005ba7f730, R11=0x000000005d0f9be0
R12=0x000000005d0fa3e0, R13=0x0000000000000004, R14=0x0000000000000184, R15=0x000000006fab8f20
RIP=0x000000006ee76520, EFLAGS=0x0000000000010202

Top of Stack: (sp=0x000000000289cfb0)
0x000000000289cfb0:   000000006ee76665 000000006ee774c5
0x000000000289cfc0:   000000006ee77505 000000006ee77545
0x000000000289cfd0:   000000006ee77585 000000006ee79426
0x000000000289cfe0:   000000006fa67a80 000000005d0f28f0
0x000000000289cff0:   000000005d3c7a00 00000000003b7340
0x000000000289d000:   3fe000003f9837f0 0000000000000000
0x000000000289d010:   40c7760000000000 0000000000000000
0x000000000289d020:   3fe0000000000000 0000000000000001
0x000000000289d030:   000000005d3c8a00 000000006ea45d24
0x000000000289d040:   3f40624dd2f1a9fc 0000000000000000
0x000000000289d050:   0000000000000000 0000000000000000
0x000000000289d060:   0000000000000000 0000000000000000
0x000000000289d070:   000000005d3d1900 000000006fab7320
0x000000000289d080:   0000000000000000 000000005d3c54a0
0x000000000289d090:   0000000000000001 000000005d0f2030
0x000000000289d0a0:   000000005d0f20b0 0000000000000000 

Instructions: (pc=0x000000006ee76520)
0x000000006ee76500:   c4 e3 5d 0c c0 55 c5 e4 5c c8 c5 e4 58 c0 c5 fc
0x000000006ee76510:   29 01 c5 fc 29 49 20 c3 0f 1f 84 00 00 00 00 00
0x000000006ee76520:   c5 fc 28 51 40 c5 fc 28 59 60 c5 ec 5c fb c5 ec
0x000000006ee76530:   58 d3 c5 c4 57 3d 26 41 84 00 c5 ec c6 df be c5 


Register to memory mapping:

RAX=0x000000005d0f28f0 is an unknown value
RBX=0x000000005d3c5540 is an unknown value
RCX=0x000000005d0f28f0 is an unknown value
RDX=0x0000000000000009 is an unknown value
RSP=0x000000000289cfb0 is pointing into the stack for thread: 0x00000000024aa000
RBP=0x000000005d0f2030 is an unknown value
RSI=0x000000005d0f38f0 is an unknown value
RDI=0x0000000000000004 is an unknown value
R8 =0x000000006ee77580 is an unknown value
R9 =0x000000006ee76490 is an unknown value
R10=0x000000005ba7f730 is an unknown value
R11=0x000000005d0f9be0 is an unknown value
R12=0x000000005d0fa3e0 is an unknown value
R13=0x0000000000000004 is an unknown value
R14=0x0000000000000184 is an unknown value
R15=0x000000006fab8f20 is an unknown value


Stack: [0x00000000027a0000,0x00000000028a0000],  sp=0x000000000289cfb0,  free space=1011k
Native frames: (J=compiled Java code, j=interpreted, Vv=VM code, C=native code)
C  [xuggle6844515740846508261.dll+0x736520]

Java frames: (J=compiled Java code, j=interpreted, Vv=VM code)
j  com.xuggle.xuggler.XugglerJNI.IContainer_open__SWIG_0(JLcom/xuggle/xuggler/IContainer;Ljava/lang/String;IJLcom/xuggle/xuggler/IContainerFormat;)I+0
j  com.xuggle.xuggler.IContainer.open(Ljava/lang/String;Lcom/xuggle/xuggler/IContainer$Type;Lcom/xuggle/xuggler/IContainerFormat;)I+15
j  VideoInfoUtils.getVideoInfoByXuggler(Lcom/xuggle/xuggler/IContainer;Ljava/lang/String;)V+6
j  TTT.t()V+15
v  ~StubRoutines::call_stub
j  sun.reflect.NativeMethodAccessorImpl.invoke0(Ljava/lang/reflect/Method;Ljava/lang/Object;[Ljava/lang/Object;)Ljava/lang/Object;+0
j  sun.reflect.NativeMethodAccessorImpl.invoke(Ljava/lang/Object;[Ljava/lang/Object;)Ljava/lang/Object;+100
j  sun.reflect.DelegatingMethodAccessorImpl.invoke(Ljava/lang/Object;[Ljava/lang/Object;)Ljava/lang/Object;+6
j  java.lang.reflect.Method.invoke(Ljava/lang/Object;[Ljava/lang/Object;)Ljava/lang/Object;+56
j  org.junit.runners.model.FrameworkMethod$1.runReflectiveCall()Ljava/lang/Object;+15
j  org.junit.internal.runners.model.ReflectiveCallable.run()Ljava/lang/Object;+1
j  org.junit.runners.model.FrameworkMethod.invokeExplosively(Ljava/lang/Object;[Ljava/lang/Object;)Ljava/lang/Object;+10
j  org.junit.internal.runners.statements.InvokeMethod.evaluate()V+12
j  org.junit.runners.ParentRunner.runLeaf(Lorg/junit/runners/model/Statement;Lorg/junit/runner/Description;Lorg/junit/runner/notification/RunNotifier;)V+17
j  org.junit.runners.BlockJUnit4ClassRunner.runChild(Lorg/junit/runners/model/FrameworkMethod;Lorg/junit/runner/notification/RunNotifier;)V+30
j  org.junit.runners.BlockJUnit4ClassRunner.runChild(Ljava/lang/Object;Lorg/junit/runner/notification/RunNotifier;)V+6
j  org.junit.runners.ParentRunner$3.run()V+12
j  org.junit.runners.ParentRunner$1.schedule(Ljava/lang/Runnable;)V+1
j  org.junit.runners.ParentRunner.runChildren(Lorg/junit/runner/notification/RunNotifier;)V+44
j  org.junit.runners.ParentRunner.access$000(Lorg/junit/runners/ParentRunner;Lorg/junit/runner/notification/RunNotifier;)V+2
j  org.junit.runners.ParentRunner$2.evaluate()V+8
j  org.junit.runners.ParentRunner.run(Lorg/junit/runner/notification/RunNotifier;)V+20
j  org.junit.runner.JUnitCore.run(Lorg/junit/runner/Runner;)Lorg/junit/runner/Result;+37
j  com.intellij.junit4.JUnit4IdeaTestRunner.startRunnerWithArgs([Ljava/lang/String;Ljava/lang/String;IZ)I+146
j  com.intellij.rt.execution.junit.IdeaTestRunner$Repeater.startRunnerWithArgs(Lcom/intellij/rt/execution/junit/IdeaTestRunner;[Ljava/lang/String;Ljava/util/ArrayList;Ljava/lang/String;IZ)I+22
j  com.intellij.rt.execution.junit.JUnitStarter.prepareStreamsAndStart([Ljava/lang/String;Ljava/lang/String;Ljava/util/ArrayList;Ljava/lang/String;)I+116
j  com.intellij.rt.execution.junit.JUnitStarter.main([Ljava/lang/String;)V+116
v  ~StubRoutines::call_stub

---------------  P R O C E S S  ---------------

Java Threads: ( => current thread )
  0x0000000058dd5800 JavaThread "Service Thread" daemon [_thread_blocked, id=5456, stack(0x000000005ad50000,0x000000005ae50000)]
  0x0000000058d7d800 JavaThread "C1 CompilerThread3" daemon [_thread_blocked, id=9616, stack(0x000000005a6a0000,0x000000005a7a0000)]
  0x0000000058d6f800 JavaThread "C2 CompilerThread2" daemon [_thread_blocked, id=5936, stack(0x000000005a9d0000,0x000000005aad0000)]
  0x0000000058d58000 JavaThread "C2 CompilerThread1" daemon [_thread_blocked, id=6928, stack(0x000000005a7c0000,0x000000005a8c0000)]
  0x0000000058d57000 JavaThread "C2 CompilerThread0" daemon [_thread_blocked, id=9660, stack(0x000000005a570000,0x000000005a670000)]
  0x0000000058df4000 JavaThread "Monitor Ctrl-Break" daemon [_thread_in_native, id=5480, stack(0x000000005a280000,0x000000005a380000)]
  0x0000000058d22000 JavaThread "Attach Listener" daemon [_thread_blocked, id=8508, stack(0x000000005a3a0000,0x000000005a4a0000)]
  0x0000000058d37000 JavaThread "Signal Dispatcher" daemon [_thread_blocked, id=8452, stack(0x000000005a170000,0x000000005a270000)]
  0x0000000057b51000 JavaThread "Finalizer" daemon [_thread_blocked, id=6776, stack(0x0000000059f00000,0x000000005a000000)]
  0x0000000057b49800 JavaThread "Reference Handler" daemon [_thread_blocked, id=2092, stack(0x0000000059dd0000,0x0000000059ed0000)]
=>0x00000000024aa000 JavaThread "main" [_thread_in_native, id=9896, stack(0x00000000027a0000,0x00000000028a0000)]

Other Threads:
  0x0000000058cc2800 VMThread [stack: 0x0000000059cb0000,0x0000000059db0000] [id=5848]
  0x0000000058e63000 WatcherThread [stack: 0x000000005aba0000,0x000000005aca0000] [id=8548]

VM state:not at safepoint (normal execution)

VM Mutex/Monitor currently owned by a thread: None

Heap:
 PSYoungGen      total 38400K, used 18992K [0x00000000d5d00000, 0x00000000d8780000, 0x0000000100000000)
  eden space 33280K, 57% used [0x00000000d5d00000,0x00000000d6f8c278,0x00000000d7d80000)
  from space 5120K, 0% used [0x00000000d8280000,0x00000000d8280000,0x00000000d8780000)
  to   space 5120K, 0% used [0x00000000d7d80000,0x00000000d7d80000,0x00000000d8280000)
 ParOldGen       total 87552K, used 0K [0x0000000081600000, 0x0000000086b80000, 0x00000000d5d00000)
  object space 87552K, 0% used [0x0000000081600000,0x0000000081600000,0x0000000086b80000)
 Metaspace       used 8093K, capacity 8292K, committed 8448K, reserved 1056768K
  class space    used 911K, capacity 950K, committed 1024K, reserved 1048576K

Card table byte_map: [0x0000000011c60000,0x0000000012060000] byte_map_base: 0x0000000011855000

Marking Bits: (ParMarkBitMap*) 0x000000005caaf860
 Begin Bits: [0x0000000012e10000, 0x0000000014db8000)
 End Bits:   [0x0000000014db8000, 0x0000000016d60000)

Polling page: 0x0000000000430000

CodeCache: size=245760Kb used=2605Kb max_used=2605Kb free=243154Kb
 bounds [0x00000000028a0000, 0x0000000002b30000, 0x00000000118a0000]
 total_blobs=902 nmethods=538 adapters=277
 compilation: enabled

Compilation events (10 events):
Event: 1.849 Thread 0x0000000058d7d800  533       3       com.xuggle.ferry.JNIThreadProxy::currentThread (48 bytes)
Event: 1.850 Thread 0x0000000058d7d800 nmethod 533 0x0000000002b2a210 code [0x0000000002b2a400, 0x0000000002b2ad28]
Event: 1.850 Thread 0x0000000058d7d800  534       3       com.xuggle.ferry.JNIThreadProxy::isInterrupted (55 bytes)
Event: 1.850 Thread 0x0000000058d7d800 nmethod 534 0x0000000002b2b0d0 code [0x0000000002b2b2a0, 0x0000000002b2bab8]
Event: 1.854 Thread 0x0000000058d7d800  535       3       org.apache.log4j.Category::getEffectiveLevel (28 bytes)
Event: 1.854 Thread 0x0000000058d7d800 nmethod 535 0x0000000002b2bd50 code [0x0000000002b2bec0, 0x0000000002b2c110]
Event: 1.855 Thread 0x0000000058d7d800  536       3       java.security.CodeSource::hashCode (17 bytes)
Event: 1.855 Thread 0x0000000058d7d800 nmethod 536 0x0000000002b2c210 code [0x0000000002b2c3a0, 0x0000000002b2c908]
Event: 1.857 Thread 0x0000000058d7d800  537       3       java.nio.Buffer::hasRemaining (17 bytes)
Event: 1.857 Thread 0x0000000058d7d800 nmethod 537 0x0000000002b2ce50 code [0x0000000002b2cfa0, 0x0000000002b2d150]

GC Heap History (0 events):
No events

Deoptimization events (1 events):
Event: 0.266 Thread 0x00000000024aa000 Uncommon trap: reason=unstable_if action=reinterpret pc=0x0000000002a6dbb8 method=java.lang.String.indexOf([CII[CIII)I @ 3

Classes redefined (0 events):
No events

Internal exceptions (10 events):
Event: 0.131 Thread 0x00000000024aa000 Exception <a 'java/security/PrivilegedActionException'> (0x00000000d6107778) thrown at [C:\re\workspace\8-2-build-windows-amd64-cygwin\jdk8u161\10277\hotspot\src\share\vm\prims\jvm.cpp, line 1390]
Event: 0.232 Thread 0x00000000024aa000 Exception <a 'java/lang/ClassNotFoundException': org/apache/log4j/PatternLayoutBeanInfo> (0x00000000d67d5bb0) thrown at [C:\re\workspace\8-2-build-windows-amd64-cygwin\jdk8u161\10277\hotspot\src\share\vm\classfile\systemDictionary.cpp, line 210]
Event: 0.232 Thread 0x00000000024aa000 Exception <a 'java/lang/ClassNotFoundException': org/apache/log4j/LayoutBeanInfo> (0x00000000d67dd4d8) thrown at [C:\re\workspace\8-2-build-windows-amd64-cygwin\jdk8u161\10277\hotspot\src\share\vm\classfile\systemDictionary.cpp, line 210]
Event: 0.232 Thread 0x00000000024aa000 Exception <a 'java/lang/ClassNotFoundException': java/lang/ObjectBeanInfo> (0x00000000d67e0eb0) thrown at [C:\re\workspace\8-2-build-windows-amd64-cygwin\jdk8u161\10277\hotspot\src\share\vm\classfile\systemDictionary.cpp, line 210]
Event: 0.232 Thread 0x00000000024aa000 Exception <a 'java/lang/ClassNotFoundException': java/lang/ObjectCustomizer> (0x00000000d67e5108) thrown at [C:\re\workspace\8-2-build-windows-amd64-cygwin\jdk8u161\10277\hotspot\src\share\vm\classfile\systemDictionary.cpp, line 210]
Event: 0.233 Thread 0x00000000024aa000 Exception <a 'java/lang/ArrayIndexOutOfBoundsException'> (0x00000000d67f06e0) thrown at [C:\re\workspace\8-2-build-windows-amd64-cygwin\jdk8u161\10277\hotspot\src\share\vm\runtime\sharedRuntime.cpp, line 605]
Event: 0.234 Thread 0x00000000024aa000 Exception <a 'java/lang/ArrayIndexOutOfBoundsException'> (0x00000000d67f61c8) thrown at [C:\re\workspace\8-2-build-windows-amd64-cygwin\jdk8u161\10277\hotspot\src\share\vm\runtime\sharedRuntime.cpp, line 605]
Event: 0.234 Thread 0x00000000024aa000 Exception <a 'java/lang/ArrayIndexOutOfBoundsException'> (0x00000000d67fafe8) thrown at [C:\re\workspace\8-2-build-windows-amd64-cygwin\jdk8u161\10277\hotspot\src\share\vm\runtime\sharedRuntime.cpp, line 605]
Event: 0.235 Thread 0x00000000024aa000 Exception <a 'java/lang/ClassNotFoundException': org/apache/log4j/LayoutCustomizer> (0x00000000d680ba00) thrown at [C:\re\workspace\8-2-build-windows-amd64-cygwin\jdk8u161\10277\hotspot\src\share\vm\classfile\systemDictionary.cpp, line 210]
Event: 0.236 Thread 0x00000000024aa000 Exception <a 'java/lang/ClassNotFoundException': org/apache/log4j/PatternLayoutCustomizer> (0x00000000d6827650) thrown at [C:\re\workspace\8-2-build-windows-amd64-cygwin\jdk8u161\10277\hotspot\src\share\vm\classfile\systemDictionary.cpp, line 210]

Events (10 events):
Event: 1.856 Thread 0x00000000024aa000 DEOPT PACKING pc=0x0000000002ad63f6 sp=0x000000000289bea0
Event: 1.856 Thread 0x00000000024aa000 DEOPT UNPACKING pc=0x00000000028e7890 sp=0x000000000289bb78 mode 0
Event: 1.856 loading class VideoInfoUtils$1
Event: 1.856 loading class VideoInfoUtils$1 done
Event: 1.856 loading class com/xuggle/xuggler/ICodec$Type
Event: 1.856 loading class com/xuggle/xuggler/ICodec$Type done
Event: 1.857 loading class com/xuggle/xuggler/ICodec$Type$SwigNext
Event: 1.857 loading class com/xuggle/xuggler/ICodec$Type$SwigNext done
Event: 1.857 loading class java/lang/StrictMath
Event: 1.857 loading class java/lang/StrictMath done


Dynamic libraries:
0x000000013fa50000 - 0x000000013fa87000 	D:\Program Files\Java\jdk1.8.0_161\bin\java.exe
0x00000000778e0000 - 0x0000000077a7f000 	C:\windows\SYSTEM32\ntdll.dll
0x00000000777c0000 - 0x00000000778df000 	C:\windows\system32\kernel32.dll
0x000007fefd8d0000 - 0x000007fefd93a000 	C:\windows\system32\KERNELBASE.dll
0x000007feff8e0000 - 0x000007feff9bb000 	C:\windows\system32\ADVAPI32.dll
0x000007feff540000 - 0x000007feff5df000 	C:\windows\system32\msvcrt.dll
0x000007feff520000 - 0x000007feff53f000 	C:\windows\SYSTEM32\sechost.dll
0x000007fefe660000 - 0x000007fefe78d000 	C:\windows\system32\RPCRT4.dll
0x00000000776c0000 - 0x00000000777ba000 	C:\windows\system32\USER32.dll
0x000007feff5e0000 - 0x000007feff647000 	C:\windows\system32\GDI32.dll
0x000007feff670000 - 0x000007feff67e000 	C:\windows\system32\LPK.dll
0x000007fefddb0000 - 0x000007fefde7b000 	C:\windows\system32\USP10.dll
0x000007fefbb80000 - 0x000007fefbd74000 	C:\windows\WinSxS\amd64_microsoft.windows.common-controls_6595b64144ccf1df_6.0.7601.18837_none_fa3b1e3d17594757\COMCTL32.dll
0x000007fefe1b0000 - 0x000007fefe221000 	C:\windows\system32\SHLWAPI.dll
0x000007feff9c0000 - 0x000007feff9ee000 	C:\windows\system32\IMM32.DLL
0x000007fefe450000 - 0x000007fefe559000 	C:\windows\system32\MSCTF.dll
0x00000000629c0000 - 0x0000000062a92000 	D:\Program Files\Java\jdk1.8.0_161\jre\bin\msvcr100.dll
0x000000005c290000 - 0x000000005cb2f000 	D:\Program Files\Java\jdk1.8.0_161\jre\bin\server\jvm.dll
0x000007feec6f0000 - 0x000007feec6f9000 	C:\windows\system32\WSOCK32.dll
0x000007fefdcd0000 - 0x000007fefdd1d000 	C:\windows\system32\WS2_32.dll
0x000007fefdda0000 - 0x000007fefdda8000 	C:\windows\system32\NSI.dll
0x000007fefb1e0000 - 0x000007fefb21b000 	C:\windows\system32\WINMM.dll
0x000007fefc210000 - 0x000007fefc21c000 	C:\windows\system32\VERSION.dll
0x0000000077a90000 - 0x0000000077a97000 	C:\windows\system32\PSAPI.DLL
0x00000000745a0000 - 0x00000000745af000 	D:\Program Files\Java\jdk1.8.0_161\jre\bin\verify.dll
0x0000000071290000 - 0x00000000712b9000 	D:\Program Files\Java\jdk1.8.0_161\jre\bin\java.dll
0x000000006e650000 - 0x000000006e673000 	D:\Program Files\Java\jdk1.8.0_161\jre\bin\instrument.dll
0x0000000070e10000 - 0x0000000070e26000 	D:\Program Files\Java\jdk1.8.0_161\jre\bin\zip.dll
0x000007fefe790000 - 0x000007feff51b000 	C:\windows\system32\SHELL32.dll
0x000007fefde80000 - 0x000007fefe07d000 	C:\windows\system32\ole32.dll
0x000007fefd820000 - 0x000007fefd82f000 	C:\windows\system32\profapi.dll
0x000007fee6090000 - 0x000007fee60aa000 	D:\Program Files\JetBrains\IntelliJ IDEA 2019.1\bin\breakgen64.dll
0x000000006d4a0000 - 0x000000006d4ba000 	D:\Program Files\Java\jdk1.8.0_161\jre\bin\net.dll
0x000007fefd010000 - 0x000007fefd065000 	C:\windows\system32\mswsock.dll
0x000007fefd000000 - 0x000007fefd007000 	C:\windows\System32\wship6.dll
0x000007fefd070000 - 0x000007fefd088000 	C:\windows\system32\CRYPTSP.dll
0x000007fefcd70000 - 0x000007fefcdb7000 	C:\windows\system32\rsaenh.dll
0x000007fefcb30000 - 0x000007fefcb4e000 	C:\windows\system32\USERENV.dll
0x000007fefd710000 - 0x000007fefd71f000 	C:\windows\system32\CRYPTBASE.dll
0x000007fefac60000 - 0x000007fefac87000 	C:\windows\system32\IPHLPAPI.DLL
0x000007fefac50000 - 0x000007fefac5b000 	C:\windows\system32\WINNSI.DLL
0x000007fefa2a0000 - 0x000007fefa2b1000 	C:\windows\system32\dhcpcsvc6.DLL
0x000007fefa280000 - 0x000007fefa298000 	C:\windows\system32\dhcpcsvc.DLL
0x0000000070df0000 - 0x0000000070e01000 	D:\Program Files\Java\jdk1.8.0_161\jre\bin\nio.dll
0x000000006e740000 - 0x000000006fda5000 	C:\Users\Administrator\AppData\Local\Temp\xuggle\xuggle6844515740846508261.dll
0x000007fee5950000 - 0x000007fee5967000 	C:\windows\system32\AVICAP32.dll
0x000007fee45b0000 - 0x000007fee45d9000 	C:\windows\system32\MSVFW32.dll
0x000007fefab20000 - 0x000007fefac45000 	C:\windows\system32\dbghelp.dll

VM Arguments:
jvm_args: -ea -Didea.test.cyclic.buffer.size=1048576 -javaagent:D:\Program Files\JetBrains\IntelliJ IDEA 2019.1\lib\idea_rt.jar=4956:D:\Program Files\JetBrains\IntelliJ IDEA 2019.1\bin -Dfile.encoding=UTF-8 
java_command: com.intellij.rt.execution.junit.JUnitStarter -ideVersion5 -junit4 TTT,t
java_class_path (initial): D:\Program Files\JetBrains\IntelliJ IDEA 2019.1\lib\idea_rt.jar;D:\Program Files\JetBrains\IntelliJ IDEA 2019.1\plugins\junit\lib\junit-rt.jar;D:\Program Files\JetBrains\IntelliJ IDEA 2019.1\plugins\junit\lib\junit5-rt.jar;D:\Program Files\Java\jdk1.8.0_161\jre\lib\charsets.jar;D:\Program Files\Java\jdk1.8.0_161\jre\lib\deploy.jar;D:\Program Files\Java\jdk1.8.0_161\jre\lib\ext\access-bridge-64.jar;D:\Program Files\Java\jdk1.8.0_161\jre\lib\ext\cldrdata.jar;D:\Program Files\Java\jdk1.8.0_161\jre\lib\ext\dnsns.jar;D:\Program Files\Java\jdk1.8.0_161\jre\lib\ext\jaccess.jar;D:\Program Files\Java\jdk1.8.0_161\jre\lib\ext\jfxrt.jar;D:\Program Files\Java\jdk1.8.0_161\jre\lib\ext\localedata.jar;D:\Program Files\Java\jdk1.8.0_161\jre\lib\ext\nashorn.jar;D:\Program Files\Java\jdk1.8.0_161\jre\lib\ext\sunec.jar;D:\Program Files\Java\jdk1.8.0_161\jre\lib\ext\sunjce_provider.jar;D:\Program Files\Java\jdk1.8.0_161\jre\lib\ext\sunmscapi.jar;D:\Program Files\Java\jdk1.8.0_161\jre\lib\ext\sunpkcs11.jar;D:\Program Files\Java\jdk1.8.0_161\jre\lib\ext\zipfs.jar;D:\Program Files\Java\jdk1.8.0_161\jre\lib\javaws.jar;D:\Program Files\Java\jdk1.8.0_161\jre\lib\jce.jar;D:\Program Files\Java\jdk1.8.0_161\jre\lib\jfr.jar;D:\Program Files\Java\jdk1.8.0_161\jre\lib\jfxswt.jar;D:\Program Files\Java\jdk1.8.0_161\jre\lib\jsse.jar;D:\Program Files\Java\jdk1.8.0_161\jre\lib\management-agent.jar;D:\Program Files\Java\jdk1.8.0_161\jre\lib\plugin.jar;D:\Program Files\Java\jdk1.8.0_161\jre\lib\resources.jar;D:\Program Files\Java\jdk1.8.0_161\jre\lib\rt.jar;D:\WorkSpace\IntelliJ_workspace\JavaLearn\out\production\JavaLearn;D:\Program Files\JetBrains\IntelliJ IDEA 2019.1\lib\junit-4.12.jar;D:\Program Files\JetBrains\IntelliJ IDEA 2019.1\lib\hamcrest-core-1.3.jar;D:\WorkSpace\IntelliJ_workspace\JavaLearn\lib\gson-2.8.0.jar;D:\WorkSpace\IntelliJ_workspace\JavaLearn\src\crawler\jsoup-1.8.3.jar;D:\WorkSpace\IntelliJ_workspace\JavaLearn\src\tools.jar;D:\WorkSpace\IntelliJ_workspace
Launcher Type: SUN_STANDARD

Environment Variables:
JAVA_HOME=D:\Program Files\Java\jdk1.8.0_161
CLASSPATH=.;D:\Program Files\Java\jdk1.8.0_161\lib\dt.jar;D:\Program Files\Java\jdk1.8.0_161\lib\tools.jar;
PATH=C:\ProgramData\Oracle\Java\javapath;C:\Program Files (x86)\Intel\iCLS Client\;C:\Program Files\Intel\iCLS Client\;C:\windows\system32;C:\windows;C:\windows\System32\Wbem;C:\windows\System32\WindowsPowerShell\v1.0\;C:\Program Files (x86)\Intel\UCRT\;C:\Program Files\Intel\UCRT\;C:\Program Files (x86)\Intel\Intel(R) Management Engine Components\DAL;C:\Program Files\Intel\Intel(R) Management Engine Components\DAL;C:\Program Files (x86)\Intel\Intel(R) Management Engine Components\IPT;C:\Program Files\Intel\Intel(R) Management Engine Components\IPT;D:\Program Files\Java\jdk1.8.0_161\bin;D:\Program Files\Java\jdk1.8.0_161\jre\bin;C:\Program Files\Git\cmd;D:\Program Files\erl9.3\bin;D:\consul_1.2.0_windows_amd64;F:\elk\elasticsearch-6.3.2\nodejs;D:\Program Files\TortoiseSVN\bin;C:\Go\bin;D:\Program Files\Pandoc\;D:\apache-maven-3.6.1\bin;C:\Program Files (x86)\CVSNT\;D:\Program Files (x86)\CVSNT\;C:\Users\Administrator\AppData\Roaming\npm;C:\Users\Administrator\go\bin;D:\Program Files\Microsoft VS Code\bin;D:\Program Files\JetBrains\IntelliJ IDEA 2019.1\bin;
USERNAME=Administrator
OS=Windows_NT
PROCESSOR_IDENTIFIER=Intel64 Family 6 Model 158 Stepping 9, GenuineIntel



---------------  S Y S T E M  ---------------

OS: Windows 7 , 64 bit Build 7601 (6.1.7601.24168)

CPU:total 8 (initial active 8) (4 cores per cpu, 2 threads per core) family 6 model 158 stepping 9, cmov, cx8, fxsr, mmx, sse, sse2, sse3, ssse3, sse4.1, sse4.2, popcnt, avx, avx2, aes, clmul, erms, rtm, 3dnowpref, lzcnt, ht, tsc, tscinvbit, bmi1, bmi2, adx

Memory: 4k page, physical 8293632k(3597808k free), swap 16585388k(9338260k free)

vm_info: Java HotSpot(TM) 64-Bit Server VM (25.161-b12) for windows-amd64 JRE (1.8.0_161-b12), built on Dec 19 2017 17:52:25 by "java_re" with MS VC++ 10.0 (VS2010)

time: Tue Apr 30 11:05:12 2019
elapsed time: 1 seconds (0d 0h 0m 1s)

